[  0%] Built target tf_generate_messages_nodejs
[  0%] Built target std_srvs_generate_messages_eus
[  0%] Built target dynamic_reconfigure_gencfg
[  0%] Built target std_srvs_generate_messages_nodejs
[  0%] Built target std_srvs_generate_messages_lisp
[  0%] Built target roscpp_generate_messages_nodejs
[  0%] Built target tf_generate_messages_cpp
[  0%] Built target tf_generate_messages_lisp
[  0%] Built target dynamic_reconfigure_generate_messages_nodejs
[  0%] Built target actionlib_generate_messages_cpp
[  0%] Built target actionlib_generate_messages_nodejs
[  0%] Built target dynamic_reconfigure_generate_messages_lisp
[  0%] Built target tf2_msgs_generate_messages_lisp
[  0%] Built target std_srvs_generate_messages_py
[  0%] Built target tf2_msgs_generate_messages_py
[  0%] Built target visualization_msgs_generate_messages_eus
[  0%] Built target tf_generate_messages_eus
[  0%] Built target tf2_msgs_generate_messages_cpp
[  0%] Built target rosgraph_msgs_generate_messages_lisp
[  0%] Built target actionlib_generate_messages_py
[  0%] Built target moveit_ros_planning_gencfg
[  0%] Built target dynamic_reconfigure_generate_messages_cpp
[  0%] Built target object_recognition_msgs_generate_messages_lisp
[  0%] Built target actionlib_msgs_generate_messages_py
[  0%] Built target geometry_msgs_generate_messages_cpp
[  0%] Built target rosgraph_msgs_generate_messages_eus
[  0%] Built target moveit_msgs_generate_messages_py
[  0%] Built target tf2_msgs_generate_messages_nodejs
[  0%] Built target roscpp_generate_messages_cpp
[  0%] Built target moveit_msgs_generate_messages_nodejs
[  0%] Built target moveit_msgs_generate_messages_lisp
[  0%] Built target std_msgs_generate_messages_lisp
[  0%] Built target moveit_msgs_generate_messages_eus
[  0%] Built target trajectory_msgs_generate_messages_cpp
[  0%] Built target geometry_msgs_generate_messages_py
[  0%] Built target sensor_msgs_generate_messages_py
[  0%] Built target std_msgs_generate_messages_py
[  0%] Built target sensor_msgs_generate_messages_cpp
[  0%] Built target moveit_msgs_generate_messages_cpp
[  0%] Built target tf2_msgs_generate_messages_eus
[  0%] Built target geometry_msgs_generate_messages_eus
[  0%] Built target octomap_msgs_generate_messages_lisp
[  0%] Built target object_recognition_msgs_generate_messages_py
[  0%] Built target std_msgs_generate_messages_nodejs
[  0%] Built target shape_msgs_generate_messages_cpp
[  0%] Built target actionlib_generate_messages_lisp
[  0%] Built target roscpp_generate_messages_lisp
[  0%] Built target rosgraph_msgs_generate_messages_nodejs
[  0%] Built target dynamic_reconfigure_generate_messages_py
[  0%] Built target sensor_msgs_generate_messages_nodejs
[  0%] Built target dynamic_reconfigure_generate_messages_eus
[  0%] Built target moveit_ros_manipulation_gencfg
[  0%] Built target visualization_msgs_generate_messages_lisp
[  0%] Built target actionlib_msgs_generate_messages_eus
[  0%] Built target actionlib_msgs_generate_messages_nodejs
[  0%] Built target std_msgs_generate_messages_cpp
[  0%] Built target geometry_msgs_generate_messages_nodejs
[  0%] Built target geometry_msgs_generate_messages_lisp
[  0%] Built target tf_generate_messages_py
[  0%] Built target std_msgs_generate_messages_eus
[  0%] Built target actionlib_msgs_generate_messages_lisp
[  0%] Built target actionlib_msgs_generate_messages_cpp
[  0%] Built target sensor_msgs_generate_messages_lisp
[  0%] Built target sensor_msgs_generate_messages_eus
[  0%] Built target std_srvs_generate_messages_cpp
[  0%] Built target roscpp_generate_messages_py
[  0%] Built target visualization_msgs_generate_messages_cpp
[  0%] Built target trajectory_msgs_generate_messages_eus
[  0%] Built target object_recognition_msgs_generate_messages_cpp
[  0%] Built target trajectory_msgs_generate_messages_nodejs
[  0%] Built target octomap_msgs_generate_messages_eus
[  0%] Built target shape_msgs_generate_messages_lisp
[  0%] Built target rosgraph_msgs_generate_messages_cpp
[  0%] Built target shape_msgs_generate_messages_eus
[  0%] Built target trajectory_msgs_generate_messages_lisp
[  0%] Built target rosgraph_msgs_generate_messages_py
[  0%] Built target visualization_msgs_generate_messages_nodejs
[  0%] Built target trajectory_msgs_generate_messages_py
[  0%] Built target actionlib_generate_messages_eus
[  0%] Built target shape_msgs_generate_messages_nodejs
[  0%] Built target object_recognition_msgs_generate_messages_eus
[  0%] Built target octomap_msgs_generate_messages_py
[  0%] Built target octomap_msgs_generate_messages_nodejs
[  0%] Built target shape_msgs_generate_messages_py
[  0%] Built target octomap_msgs_generate_messages_cpp
[  0%] Built target object_recognition_msgs_generate_messages_nodejs
[  0%] Built target visualization_msgs_generate_messages_py
[  0%] Built target roscpp_generate_messages_eus
[35m[1mScanning dependencies of target motion_planning_lib[0m
[ 11%] [32mBuilding CXX object CMakeFiles/motion_planning_lib.dir/src/Planning/motion_planning.cpp.o[0m
[ 11%] [32mBuilding CXX object CMakeFiles/motion_planning_lib.dir/src/DataStructure/plan_meta_data.cpp.o[0m
[01m[K/home/shermin/coding_challenge/src/neura_motion_planning_challenge/src/Planning/motion_planning.cpp:[m[K In member function ‘[01m[Kbool neura_motion_planning_challenge::MotionPlanning::planPose(const PoseStamped&, moveit_msgs::RobotTrajectory&, const string&, double)[m[K’:
[01m[K/home/shermin/coding_challenge/src/neura_motion_planning_challenge/src/Planning/motion_planning.cpp:143:53:[m[K [01;35m[Kwarning: [m[K‘[01m[Kusing MoveItErrorCode = class moveit::core::MoveItErrorCode[m[K’ is deprecated: Use moveit::core::MoveItErrorCode [[01;35m[K-Wdeprecated-declarations[m[K]
  143 |         moveit::planning_interface::MoveItErrorCode [01;35m[Kerror_code[m[K = move_group_->plan(plan);
      |                                                     [01;35m[K^~~~~~~~~~[m[K
In file included from [01m[K/home/shermin/coding_challenge/src/neura_motion_planning_challenge/include/neura_motion_planning_challenge/Planning/motion_planning.h:10[m[K,
                 from [01m[K/home/shermin/coding_challenge/src/neura_motion_planning_challenge/src/Planning/motion_planning.cpp:2[m[K:
[01m[K/home/shermin/ws_moveit/src/moveit/moveit_ros/planning_interface/move_group_interface/include/moveit/move_group_interface/move_group_interface.h:64:7:[m[K [01;36m[Knote: [m[Kdeclared here
   64 | using [01;36m[KMoveItErrorCode[m[K [[deprecated("Use moveit::core::MoveItErrorCode")]] = moveit::core::MoveItErrorCode;
      |       [01;36m[K^~~~~~~~~~~~~~~[m[K
[ 17%] [32m[1mLinking CXX shared library /home/shermin/coding_challenge/devel/.private/neura_motion_planning_challenge/lib/libmotion_planning_lib.so[0m
[ 64%] Built target motion_planning_lib
[35m[1mScanning dependencies of target task_one[0m
[35m[1mScanning dependencies of target task_two[0m
[35m[1mScanning dependencies of target task_optional[0m
[ 76%] [32mBuilding CXX object CMakeFiles/task_two.dir/src/executables/task_two.cpp.o[0m
[ 76%] [32mBuilding CXX object CMakeFiles/task_optional.dir/src/executables/task_optional.cpp.o[0m
[ 82%] [32mBuilding CXX object CMakeFiles/task_one.dir/src/executables/task_one.cpp.o[0m
[ 88%] [32m[1mLinking CXX executable /home/shermin/coding_challenge/devel/.private/neura_motion_planning_challenge/lib/neura_motion_planning_challenge/task_optional[0m
[ 94%] [32m[1mLinking CXX executable /home/shermin/coding_challenge/devel/.private/neura_motion_planning_challenge/lib/neura_motion_planning_challenge/task_two[0m
[100%] [32m[1mLinking CXX executable /home/shermin/coding_challenge/devel/.private/neura_motion_planning_challenge/lib/neura_motion_planning_challenge/task_one[0m
[100%] Built target task_optional
[100%] Built target task_two
[100%] Built target task_one
