[01m[K/home/shermin/coding_challenge/src/neura_motion_planning_challenge/src/helper_methods.cpp:[m[K In member function ‘[01m[Kvoid MotionPlanning::parseWaypoint(std::ifstream&, std::string&, trajectory_msgs::JointTrajectory&) const[m[K’:
[01m[K/home/shermin/coding_challenge/src/neura_motion_planning_challenge/src/helper_methods.cpp:168:35:[m[K [01;31m[Kerror: [m[Kno matching function for call to ‘[01m[Kgetline(std::ifstream&, std::string&)[m[K’
  168 |     while (std::getline(file, line[01;31m[K)[m[K) {
      |                                   [01;31m[K^[m[K
In file included from [01m[K/usr/include/c++/9/string:56[m[K,
                 from [01m[K/opt/ros/noetic/include/geometry_msgs/PoseStamped.h:9[m[K,
                 from [01m[K/home/shermin/coding_challenge/src/neura_motion_planning_challenge/include/neura_motion_planning_challenge/motion_planning.h:5[m[K,
                 from [01m[K/home/shermin/coding_challenge/src/neura_motion_planning_challenge/src/helper_methods.cpp:1[m[K:
[01m[K/usr/include/c++/9/bits/basic_string.tcc:1538:5:[m[K [01;36m[Knote: [m[Kcandidate: ‘[01m[Ktemplate<class _CharT, class _Traits, class _Alloc> std::basic_istream<_CharT, _Traits>& std::getline(std::basic_istream<_CharT, _Traits>&, std::__cxx11::basic_string<_CharT, _Traits, _Alloc>&, _CharT)[m[K’
 1538 |     [01;36m[Kgetline[m[K(basic_istream<_CharT, _Traits>& __in,
      |     [01;36m[K^~~~~~~[m[K
[01m[K/usr/include/c++/9/bits/basic_string.tcc:1538:5:[m[K [01;36m[Knote: [m[K  template argument deduction/substitution failed:
[01m[K/home/shermin/coding_challenge/src/neura_motion_planning_challenge/src/helper_methods.cpp:168:35:[m[K [01;36m[Knote: [m[K  ‘[01m[Kstd::ifstream[m[K’ {aka ‘[01m[Kstd::basic_ifstream<char>[m[K’} is not derived from ‘[01m[Kstd::basic_istream<_CharT, _Traits>[m[K’
  168 |     while (std::getline(file, line[01;36m[K)[m[K) {
      |                                   [01;36m[K^[m[K
In file included from [01m[K/usr/include/c++/9/string:55[m[K,
                 from [01m[K/opt/ros/noetic/include/geometry_msgs/PoseStamped.h:9[m[K,
                 from [01m[K/home/shermin/coding_challenge/src/neura_motion_planning_challenge/include/neura_motion_planning_challenge/motion_planning.h:5[m[K,
                 from [01m[K/home/shermin/coding_challenge/src/neura_motion_planning_challenge/src/helper_methods.cpp:1[m[K:
[01m[K/usr/include/c++/9/bits/basic_string.h:6459:5:[m[K [01;36m[Knote: [m[Kcandidate: ‘[01m[Ktemplate<class _CharT, class _Traits, class _Alloc> std::basic_istream<_CharT, _Traits>& std::getline(std::basic_istream<_CharT, _Traits>&, std::__cxx11::basic_string<_CharT, _Traits, _Alloc>&)[m[K’
 6459 |     [01;36m[Kgetline[m[K(basic_istream<_CharT, _Traits>& __is,
      |     [01;36m[K^~~~~~~[m[K
[01m[K/usr/include/c++/9/bits/basic_string.h:6459:5:[m[K [01;36m[Knote: [m[K  template argument deduction/substitution failed:
[01m[K/home/shermin/coding_challenge/src/neura_motion_planning_challenge/src/helper_methods.cpp:168:35:[m[K [01;36m[Knote: [m[K  ‘[01m[Kstd::ifstream[m[K’ {aka ‘[01m[Kstd::basic_ifstream<char>[m[K’} is not derived from ‘[01m[Kstd::basic_istream<_CharT, _Traits>[m[K’
  168 |     while (std::getline(file, line[01;36m[K)[m[K) {
      |                                   [01;36m[K^[m[K
In file included from [01m[K/usr/include/c++/9/string:55[m[K,
                 from [01m[K/opt/ros/noetic/include/geometry_msgs/PoseStamped.h:9[m[K,
                 from [01m[K/home/shermin/coding_challenge/src/neura_motion_planning_challenge/include/neura_motion_planning_challenge/motion_planning.h:5[m[K,
                 from [01m[K/home/shermin/coding_challenge/src/neura_motion_planning_challenge/src/helper_methods.cpp:1[m[K:
[01m[K/usr/include/c++/9/bits/basic_string.h:6467:5:[m[K [01;36m[Knote: [m[Kcandidate: ‘[01m[Ktemplate<class _CharT, class _Traits, class _Alloc> std::basic_istream<_CharT, _Traits>& std::getline(std::basic_istream<_CharT, _Traits>&&, std::__cxx11::basic_string<_CharT, _Traits, _Alloc>&, _CharT)[m[K’
 6467 |     [01;36m[Kgetline[m[K(basic_istream<_CharT, _Traits>&& __is,
      |     [01;36m[K^~~~~~~[m[K
[01m[K/usr/include/c++/9/bits/basic_string.h:6467:5:[m[K [01;36m[Knote: [m[K  template argument deduction/substitution failed:
[01m[K/home/shermin/coding_challenge/src/neura_motion_planning_challenge/src/helper_methods.cpp:168:35:[m[K [01;36m[Knote: [m[K  ‘[01m[Kstd::ifstream[m[K’ {aka ‘[01m[Kstd::basic_ifstream<char>[m[K’} is not derived from ‘[01m[Kstd::basic_istream<_CharT, _Traits>[m[K’
  168 |     while (std::getline(file, line[01;36m[K)[m[K) {
      |                                   [01;36m[K^[m[K
In file included from [01m[K/usr/include/c++/9/string:55[m[K,
                 from [01m[K/opt/ros/noetic/include/geometry_msgs/PoseStamped.h:9[m[K,
                 from [01m[K/home/shermin/coding_challenge/src/neura_motion_planning_challenge/include/neura_motion_planning_challenge/motion_planning.h:5[m[K,
                 from [01m[K/home/shermin/coding_challenge/src/neura_motion_planning_challenge/src/helper_methods.cpp:1[m[K:
[01m[K/usr/include/c++/9/bits/basic_string.h:6474:5:[m[K [01;36m[Knote: [m[Kcandidate: ‘[01m[Ktemplate<class _CharT, class _Traits, class _Alloc> std::basic_istream<_CharT, _Traits>& std::getline(std::basic_istream<_CharT, _Traits>&&, std::__cxx11::basic_string<_CharT, _Traits, _Alloc>&)[m[K’
 6474 |     [01;36m[Kgetline[m[K(basic_istream<_CharT, _Traits>&& __is,
      |     [01;36m[K^~~~~~~[m[K
[01m[K/usr/include/c++/9/bits/basic_string.h:6474:5:[m[K [01;36m[Knote: [m[K  template argument deduction/substitution failed:
[01m[K/home/shermin/coding_challenge/src/neura_motion_planning_challenge/src/helper_methods.cpp:168:35:[m[K [01;36m[Knote: [m[K  ‘[01m[Kstd::ifstream[m[K’ {aka ‘[01m[Kstd::basic_ifstream<char>[m[K’} is not derived from ‘[01m[Kstd::basic_istream<_CharT, _Traits>[m[K’
  168 |     while (std::getline(file, line[01;36m[K)[m[K) {
      |                                   [01;36m[K^[m[K
make[2]: *** [CMakeFiles/motion_planning_lib.dir/build.make:76: CMakeFiles/motion_planning_lib.dir/src/helper_methods.cpp.o] Error 1
make[1]: *** [CMakeFiles/Makefile2:434: CMakeFiles/motion_planning_lib.dir/all] Error 2
make: *** [Makefile:141: all] Error 2
