[01m[K/home/shermin/coding_challenge/src/neura_motion_planning_challenge/src/motion_planning.cpp:[m[K In member function ‘[01m[Kbool MotionPlanning::planPose(const PoseStamped&, moveit_msgs::RobotTrajectory&)[m[K’:
[01m[K/home/shermin/coding_challenge/src/neura_motion_planning_challenge/src/motion_planning.cpp:104:1:[m[K [01;35m[Kwarning: [m[Kno return statement in function returning non-void [[01;35m[K-Wreturn-type[m[K]
  104 | [01;35m[K}[m[K
      | [01;35m[K^[m[K
[01m[K/home/shermin/coding_challenge/src/neura_motion_planning_challenge/src/motion_planning.cpp:[m[K In member function ‘[01m[Kmoveit_msgs::RobotTrajectory& MotionPlanning::planCartesian(const std::vector<CartMotionPlanningData>&)[m[K’:
[01m[K/home/shermin/coding_challenge/src/neura_motion_planning_challenge/src/motion_planning.cpp:111:1:[m[K [01;35m[Kwarning: [m[Kno return statement in function returning non-void [[01;35m[K-Wreturn-type[m[K]
  111 | [01;35m[K}[m[K
      | [01;35m[K^[m[K
[01m[K/home/shermin/coding_challenge/src/neura_motion_planning_challenge/src/motion_planning.cpp:[m[K In member function ‘[01m[Kbool MotionPlanning::exportTrajectoryToFile(const string&, const JointTrajectory&, const std::vector<CartMotionPlanningData>&)[m[K’:
[01m[K/home/shermin/coding_challenge/src/neura_motion_planning_challenge/src/motion_planning.cpp:117:1:[m[K [01;35m[Kwarning: [m[Kno return statement in function returning non-void [[01;35m[K-Wreturn-type[m[K]
  117 | [01;35m[K}[m[K
      | [01;35m[K^[m[K
[01m[K/home/shermin/coding_challenge/src/neura_motion_planning_challenge/src/motion_planning.cpp:[m[K In member function ‘[01m[KTrajectoryData MotionPlanning::importTrajectoryFromFile(const string&)[m[K’:
[01m[K/home/shermin/coding_challenge/src/neura_motion_planning_challenge/src/motion_planning.cpp:123:1:[m[K [01;35m[Kwarning: [m[Kno return statement in function returning non-void [[01;35m[K-Wreturn-type[m[K]
  123 | [01;35m[K}[m[K
      | [01;35m[K^[m[K
[01m[K/home/shermin/coding_challenge/src/neura_motion_planning_challenge/src/motion_planning.cpp:[m[K In member function ‘[01m[Kbool MotionPlanning::visualizeJointTrajectory(const RobotTrajectoryPtr&)[m[K’:
[01m[K/home/shermin/coding_challenge/src/neura_motion_planning_challenge/src/motion_planning.cpp:129:1:[m[K [01;35m[Kwarning: [m[Kno return statement in function returning non-void [[01;35m[K-Wreturn-type[m[K]
  129 | [01;35m[K}[m[K
      | [01;35m[K^[m[K
[01m[K/home/shermin/coding_challenge/src/neura_motion_planning_challenge/src/motion_planning.cpp:[m[K In member function ‘[01m[Kbool MotionPlanning::visualizeCartTrajectory(const std::vector<CartMotionPlanningData>&)[m[K’:
[01m[K/home/shermin/coding_challenge/src/neura_motion_planning_challenge/src/motion_planning.cpp:135:1:[m[K [01;35m[Kwarning: [m[Kno return statement in function returning non-void [[01;35m[K-Wreturn-type[m[K]
  135 | [01;35m[K}[m[K
      | [01;35m[K^[m[K
[01m[K/home/shermin/coding_challenge/src/neura_motion_planning_challenge/src/motion_planning.cpp:[m[K In member function ‘[01m[Kbool MotionPlanning::addCollision(const MarkerArray&)[m[K’:
[01m[K/home/shermin/coding_challenge/src/neura_motion_planning_challenge/src/motion_planning.cpp:141:1:[m[K [01;35m[Kwarning: [m[Kno return statement in function returning non-void [[01;35m[K-Wreturn-type[m[K]
  141 | [01;35m[K}[m[K
      | [01;35m[K^[m[K
[01m[K/home/shermin/coding_challenge/src/neura_motion_planning_challenge/src/motion_planning.cpp:[m[K In member function ‘[01m[Kbool MotionPlanning::removeCollision(const string&)[m[K’:
[01m[K/home/shermin/coding_challenge/src/neura_motion_planning_challenge/src/motion_planning.cpp:151:1:[m[K [01;35m[Kwarning: [m[Kno return statement in function returning non-void [[01;35m[K-Wreturn-type[m[K]
  151 | [01;35m[K}[m[K
      | [01;35m[K^[m[K
