[01m[K/home/shermin/coding_challenge/src/neura_motion_planning_challenge/src/motion_planning.cpp:[m[K In member function ‘[01m[Kbool neura_motion_planning_challenge::MotionPlanning::planPose(const PoseStamped&, moveit_msgs::RobotTrajectory&, const string&, double)[m[K’:
[01m[K/home/shermin/coding_challenge/src/neura_motion_planning_challenge/src/motion_planning.cpp:96:53:[m[K [01;35m[Kwarning: [m[K‘[01m[Kusing MoveItErrorCode = class moveit::core::MoveItErrorCode[m[K’ is deprecated: Use moveit::core::MoveItErrorCode [[01;35m[K-Wdeprecated-declarations[m[K]
   96 |         moveit::planning_interface::MoveItErrorCode [01;35m[Kerror_code[m[K = move_group_->plan(plan);
      |                                                     [01;35m[K^~~~~~~~~~[m[K
In file included from [01m[K/home/shermin/coding_challenge/src/neura_motion_planning_challenge/include/neura_motion_planning_challenge/motion_planning.h:10[m[K,
                 from [01m[K/home/shermin/coding_challenge/src/neura_motion_planning_challenge/src/motion_planning.cpp:2[m[K:
[01m[K/home/shermin/ws_moveit/src/moveit/moveit_ros/planning_interface/move_group_interface/include/moveit/move_group_interface/move_group_interface.h:64:7:[m[K [01;36m[Knote: [m[Kdeclared here
   64 | using [01;36m[KMoveItErrorCode[m[K [[deprecated("Use moveit::core::MoveItErrorCode")]] = moveit::core::MoveItErrorCode;
      |       [01;36m[K^~~~~~~~~~~~~~~[m[K
[01m[K/home/shermin/coding_challenge/src/neura_motion_planning_challenge/src/motion_planning.cpp:[m[K In member function ‘[01m[Kmoveit_msgs::RobotTrajectory& neura_motion_planning_challenge::MotionPlanning::planCartesian(const std::vector<neura_motion_planning_challenge::CartMotionPlanningData>&)[m[K’:
[01m[K/home/shermin/coding_challenge/src/neura_motion_planning_challenge/src/motion_planning.cpp:127:1:[m[K [01;35m[Kwarning: [m[Kno return statement in function returning non-void [[01;35m[K-Wreturn-type[m[K]
  127 | [01;35m[K}[m[K
      | [01;35m[K^[m[K
[01m[K/home/shermin/coding_challenge/src/neura_motion_planning_challenge/src/motion_planning.cpp:[m[K In member function ‘[01m[Kbool neura_motion_planning_challenge::MotionPlanning::visualizeCartTrajectory(const std::vector<neura_motion_planning_challenge::CartMotionPlanningData>&)[m[K’:
[01m[K/home/shermin/coding_challenge/src/neura_motion_planning_challenge/src/motion_planning.cpp:272:1:[m[K [01;35m[Kwarning: [m[Kno return statement in function returning non-void [[01;35m[K-Wreturn-type[m[K]
  272 | [01;35m[K}[m[K
      | [01;35m[K^[m[K
[01m[K/home/shermin/coding_challenge/src/neura_motion_planning_challenge/src/motion_planning.cpp:[m[K In member function ‘[01m[Kbool neura_motion_planning_challenge::MotionPlanning::removeCollision(const string&)[m[K’:
[01m[K/home/shermin/coding_challenge/src/neura_motion_planning_challenge/src/motion_planning.cpp:355:1:[m[K [01;35m[Kwarning: [m[Kno return statement in function returning non-void [[01;35m[K-Wreturn-type[m[K]
  355 | [01;35m[K}[m[K
      | [01;35m[K^[m[K
[01m[K/home/shermin/coding_challenge/src/neura_motion_planning_challenge/src/plan_meta_data.cpp:17:20:[m[K [01;31m[Kerror: [m[KISO C++ forbids declaration of ‘[01m[KPlan[m[K’ with no type [[01;31m[K-fpermissive[m[K]
   17 | PlanMetadata::Plan([01;31m[K)[m[K : length_(0.0), trajectory_file_(""), plan_time_(0.0), sum_abs_joints_(0.0) {}
      |                    [01;31m[K^[m[K
[01m[K/home/shermin/coding_challenge/src/neura_motion_planning_challenge/src/plan_meta_data.cpp:17:1:[m[K [01;31m[Kerror: [m[Kno declaration matches ‘[01m[Kint neura_motion_planning_challenge::PlanMetadata::Plan()[m[K’
   17 | [01;31m[KPlanMetadata[m[K::Plan() : length_(0.0), trajectory_file_(""), plan_time_(0.0), sum_abs_joints_(0.0) {}
      | [01;31m[K^~~~~~~~~~~~[m[K
[01m[K/home/shermin/coding_challenge/src/neura_motion_planning_challenge/src/plan_meta_data.cpp:17:1:[m[K [01;36m[Knote: [m[Kno functions named ‘[01m[Kint neura_motion_planning_challenge::PlanMetadata::Plan()[m[K’
In file included from [01m[K/home/shermin/coding_challenge/src/neura_motion_planning_challenge/src/plan_meta_data.cpp:1[m[K:
[01m[K/home/shermin/coding_challenge/src/neura_motion_planning_challenge/include/neura_motion_planning_challenge/Plan.h:13:7:[m[K [01;36m[Knote: [m[K‘[01m[Kclass neura_motion_planning_challenge::PlanMetadata[m[K’ defined here
   13 | class [01;36m[KPlanMetadata[m[K {
      |       [01;36m[K^~~~~~~~~~~~[m[K
[01m[K/home/shermin/coding_challenge/src/neura_motion_planning_challenge/src/plan_meta_data.cpp:19:61:[m[K [01;31m[Kerror: [m[KISO C++ forbids declaration of ‘[01m[KPlan[m[K’ with no type [[01;31m[K-fpermissive[m[K]
   19 | PlanMetadata::Plan(const std::string& file, double plan_time[01;31m[K)[m[K : length_(0.0), trajectory_file_(file), plan_time_(plan_time), sum_abs_joints_(0.0) {}
      |                                                             [01;31m[K^[m[K
[01m[K/home/shermin/coding_challenge/src/neura_motion_planning_challenge/src/plan_meta_data.cpp:19:1:[m[K [01;31m[Kerror: [m[Kno declaration matches ‘[01m[Kint neura_motion_planning_challenge::PlanMetadata::Plan(const string&, double)[m[K’
   19 | [01;31m[KPlanMetadata[m[K::Plan(const std::string& file, double plan_time) : length_(0.0), trajectory_file_(file), plan_time_(plan_time), sum_abs_joints_(0.0) {}
      | [01;31m[K^~~~~~~~~~~~[m[K
[01m[K/home/shermin/coding_challenge/src/neura_motion_planning_challenge/src/plan_meta_data.cpp:19:1:[m[K [01;36m[Knote: [m[Kno functions named ‘[01m[Kint neura_motion_planning_challenge::PlanMetadata::Plan(const string&, double)[m[K’
In file included from [01m[K/home/shermin/coding_challenge/src/neura_motion_planning_challenge/src/plan_meta_data.cpp:1[m[K:
[01m[K/home/shermin/coding_challenge/src/neura_motion_planning_challenge/include/neura_motion_planning_challenge/Plan.h:13:7:[m[K [01;36m[Knote: [m[K‘[01m[Kclass neura_motion_planning_challenge::PlanMetadata[m[K’ defined here
   13 | class [01;36m[KPlanMetadata[m[K {
      |       [01;36m[K^~~~~~~~~~~~[m[K
make[2]: *** [CMakeFiles/motion_planning_lib.dir/build.make:115: CMakeFiles/motion_planning_lib.dir/src/plan_meta_data.cpp.o] Error 1
make[2]: *** Waiting for unfinished jobs....
make[1]: *** [CMakeFiles/Makefile2:551: CMakeFiles/motion_planning_lib.dir/all] Error 2
make: *** [Makefile:141: all] Error 2
