Performing C SOURCE FILE Test CMAKE_HAVE_LIBC_PTHREAD failed with the following output:
Change Dir: /home/shermin/coding_challenge/build/neura_motion_planning_challenge/CMakeFiles/CMakeTmp

Run Build Command(s):/usr/bin/make cmTC_c828e/fast && /usr/bin/make -f CMakeFiles/cmTC_c828e.dir/build.make CMakeFiles/cmTC_c828e.dir/build
make[1]: Entering directory '/home/shermin/coding_challenge/build/neura_motion_planning_challenge/CMakeFiles/CMakeTmp'
Building C object CMakeFiles/cmTC_c828e.dir/src.c.o
/usr/bin/cc   -DCMAKE_HAVE_LIBC_PTHREAD   -o CMakeFiles/cmTC_c828e.dir/src.c.o   -c /home/shermin/coding_challenge/build/neura_motion_planning_challenge/CMakeFiles/CMakeTmp/src.c
Linking C executable cmTC_c828e
/usr/bin/cmake -E cmake_link_script CMakeFiles/cmTC_c828e.dir/link.txt --verbose=1
/usr/bin/cc  -DCMAKE_HAVE_LIBC_PTHREAD    -rdynamic CMakeFiles/cmTC_c828e.dir/src.c.o  -o cmTC_c828e 
/usr/bin/ld: CMakeFiles/cmTC_c828e.dir/src.c.o: in function `main':
src.c:(.text+0x46): undefined reference to `pthread_create'
/usr/bin/ld: src.c:(.text+0x52): undefined reference to `pthread_detach'
/usr/bin/ld: src.c:(.text+0x63): undefined reference to `pthread_join'
collect2: error: ld returned 1 exit status
make[1]: *** [CMakeFiles/cmTC_c828e.dir/build.make:87: cmTC_c828e] Error 1
make[1]: Leaving directory '/home/shermin/coding_challenge/build/neura_motion_planning_challenge/CMakeFiles/CMakeTmp'
make: *** [Makefile:121: cmTC_c828e/fast] Error 2


Source file was:
#include <pthread.h>

void* test_func(void* data)
{
  return data;
}

int main(void)
{
  pthread_t thread;
  pthread_create(&thread, NULL, test_func, NULL);
  pthread_detach(thread);
  pthread_join(thread, NULL);
  pthread_atfork(NULL, NULL, NULL);
  pthread_exit(NULL);

  return 0;
}

Determining if the function pthread_create exists in the pthreads failed with the following output:
Change Dir: /home/shermin/coding_challenge/build/neura_motion_planning_challenge/CMakeFiles/CMakeTmp

Run Build Command(s):/usr/bin/make cmTC_eb459/fast && /usr/bin/make -f CMakeFiles/cmTC_eb459.dir/build.make CMakeFiles/cmTC_eb459.dir/build
make[1]: Entering directory '/home/shermin/coding_challenge/build/neura_motion_planning_challenge/CMakeFiles/CMakeTmp'
Building C object CMakeFiles/cmTC_eb459.dir/CheckFunctionExists.c.o
/usr/bin/cc   -DCHECK_FUNCTION_EXISTS=pthread_create   -o CMakeFiles/cmTC_eb459.dir/CheckFunctionExists.c.o   -c /usr/share/cmake-3.16/Modules/CheckFunctionExists.c
Linking C executable cmTC_eb459
/usr/bin/cmake -E cmake_link_script CMakeFiles/cmTC_eb459.dir/link.txt --verbose=1
/usr/bin/cc  -DCHECK_FUNCTION_EXISTS=pthread_create    -rdynamic CMakeFiles/cmTC_eb459.dir/CheckFunctionExists.c.o  -o cmTC_eb459  -lpthreads 
/usr/bin/ld: cannot find -lpthreads
collect2: error: ld returned 1 exit status
make[1]: *** [CMakeFiles/cmTC_eb459.dir/build.make:87: cmTC_eb459] Error 1
make[1]: Leaving directory '/home/shermin/coding_challenge/build/neura_motion_planning_challenge/CMakeFiles/CMakeTmp'
make: *** [Makefile:121: cmTC_eb459/fast] Error 2



Performing C SOURCE FILE Test CMAKE_HAVE_LIBC_PTHREAD failed with the following output:
Change Dir: /home/shermin/coding_challenge/build/neura_motion_planning_challenge/CMakeFiles/CMakeTmp

Run Build Command(s):/usr/bin/make cmTC_81de1/fast && /usr/bin/make -f CMakeFiles/cmTC_81de1.dir/build.make CMakeFiles/cmTC_81de1.dir/build
make[1]: Entering directory '/home/shermin/coding_challenge/build/neura_motion_planning_challenge/CMakeFiles/CMakeTmp'
Building C object CMakeFiles/cmTC_81de1.dir/src.c.o
/usr/bin/cc   -DCMAKE_HAVE_LIBC_PTHREAD   -o CMakeFiles/cmTC_81de1.dir/src.c.o   -c /home/shermin/coding_challenge/build/neura_motion_planning_challenge/CMakeFiles/CMakeTmp/src.c
Linking C executable cmTC_81de1
/usr/bin/cmake -E cmake_link_script CMakeFiles/cmTC_81de1.dir/link.txt --verbose=1
/usr/bin/cc  -DCMAKE_HAVE_LIBC_PTHREAD    -rdynamic CMakeFiles/cmTC_81de1.dir/src.c.o  -o cmTC_81de1 
/usr/bin/ld: CMakeFiles/cmTC_81de1.dir/src.c.o: in function `main':
src.c:(.text+0x46): undefined reference to `pthread_create'
/usr/bin/ld: src.c:(.text+0x52): undefined reference to `pthread_detach'
/usr/bin/ld: src.c:(.text+0x63): undefined reference to `pthread_join'
collect2: error: ld returned 1 exit status
make[1]: *** [CMakeFiles/cmTC_81de1.dir/build.make:87: cmTC_81de1] Error 1
make[1]: Leaving directory '/home/shermin/coding_challenge/build/neura_motion_planning_challenge/CMakeFiles/CMakeTmp'
make: *** [Makefile:121: cmTC_81de1/fast] Error 2


Source file was:
#include <pthread.h>

void* test_func(void* data)
{
  return data;
}

int main(void)
{
  pthread_t thread;
  pthread_create(&thread, NULL, test_func, NULL);
  pthread_detach(thread);
  pthread_join(thread, NULL);
  pthread_atfork(NULL, NULL, NULL);
  pthread_exit(NULL);

  return 0;
}

Determining if the function pthread_create exists in the pthreads failed with the following output:
Change Dir: /home/shermin/coding_challenge/build/neura_motion_planning_challenge/CMakeFiles/CMakeTmp

Run Build Command(s):/usr/bin/make cmTC_25eaa/fast && /usr/bin/make -f CMakeFiles/cmTC_25eaa.dir/build.make CMakeFiles/cmTC_25eaa.dir/build
make[1]: Entering directory '/home/shermin/coding_challenge/build/neura_motion_planning_challenge/CMakeFiles/CMakeTmp'
Building C object CMakeFiles/cmTC_25eaa.dir/CheckFunctionExists.c.o
/usr/bin/cc   -DCHECK_FUNCTION_EXISTS=pthread_create   -o CMakeFiles/cmTC_25eaa.dir/CheckFunctionExists.c.o   -c /usr/share/cmake-3.16/Modules/CheckFunctionExists.c
Linking C executable cmTC_25eaa
/usr/bin/cmake -E cmake_link_script CMakeFiles/cmTC_25eaa.dir/link.txt --verbose=1
/usr/bin/cc  -DCHECK_FUNCTION_EXISTS=pthread_create    -rdynamic CMakeFiles/cmTC_25eaa.dir/CheckFunctionExists.c.o  -o cmTC_25eaa  -lpthreads 
/usr/bin/ld: cannot find -lpthreads
collect2: error: ld returned 1 exit status
make[1]: *** [CMakeFiles/cmTC_25eaa.dir/build.make:87: cmTC_25eaa] Error 1
make[1]: Leaving directory '/home/shermin/coding_challenge/build/neura_motion_planning_challenge/CMakeFiles/CMakeTmp'
make: *** [Makefile:121: cmTC_25eaa/fast] Error 2



